<?xml version="1.0" encoding="UTF-8"?>
<testsuite xmlns:xsi="http://www.w3.org/2001/XMLSchema-instance" xsi:noNamespaceSchemaLocation="https://maven.apache.org/surefire/maven-surefire-plugin/xsd/surefire-test-report.xsd" name="com.sina.cbs.document.DocumentApplicationTests" time="1.126" tests="1" errors="0" skipped="0" failures="0">
  <properties>
    <property name="java.specification.version" value="17"/>
    <property name="sun.jnu.encoding" value="UTF-8"/>
    <property name="java.class.path" value="/Users/reza/Desktop/core/mycbs/cbs/document/target/test-classes:/Users/reza/Desktop/core/mycbs/cbs/document/target/classes:/Users/reza/.m2/repository/org/springframework/boot/spring-boot-starter-web/3.0.0-RC2/spring-boot-starter-web-3.0.0-RC2.jar:/Users/reza/.m2/repository/org/springframework/boot/spring-boot-starter/3.0.0-RC2/spring-boot-starter-3.0.0-RC2.jar:/Users/reza/.m2/repository/org/springframework/boot/spring-boot/3.0.0-RC2/spring-boot-3.0.0-RC2.jar:/Users/reza/.m2/repository/org/springframework/boot/spring-boot-autoconfigure/3.0.0-RC2/spring-boot-autoconfigure-3.0.0-RC2.jar:/Users/reza/.m2/repository/org/springframework/boot/spring-boot-starter-logging/3.0.0-RC2/spring-boot-starter-logging-3.0.0-RC2.jar:/Users/reza/.m2/repository/ch/qos/logback/logback-classic/1.4.4/logback-classic-1.4.4.jar:/Users/reza/.m2/repository/ch/qos/logback/logback-core/1.4.4/logback-core-1.4.4.jar:/Users/reza/.m2/repository/org/apache/logging/log4j/log4j-to-slf4j/2.19.0/log4j-to-slf4j-2.19.0.jar:/Users/reza/.m2/repository/org/apache/logging/log4j/log4j-api/2.19.0/log4j-api-2.19.0.jar:/Users/reza/.m2/repository/org/slf4j/jul-to-slf4j/2.0.3/jul-to-slf4j-2.0.3.jar:/Users/reza/.m2/repository/jakarta/annotation/jakarta.annotation-api/2.1.1/jakarta.annotation-api-2.1.1.jar:/Users/reza/.m2/repository/org/yaml/snakeyaml/1.33/snakeyaml-1.33.jar:/Users/reza/.m2/repository/org/springframework/boot/spring-boot-starter-json/3.0.0-RC2/spring-boot-starter-json-3.0.0-RC2.jar:/Users/reza/.m2/repository/com/fasterxml/jackson/core/jackson-databind/2.14.0-rc3/jackson-databind-2.14.0-rc3.jar:/Users/reza/.m2/repository/com/fasterxml/jackson/core/jackson-annotations/2.14.0-rc3/jackson-annotations-2.14.0-rc3.jar:/Users/reza/.m2/repository/com/fasterxml/jackson/datatype/jackson-datatype-jdk8/2.14.0-rc3/jackson-datatype-jdk8-2.14.0-rc3.jar:/Users/reza/.m2/repository/com/fasterxml/jackson/datatype/jackson-datatype-jsr310/2.14.0-rc3/jackson-datatype-jsr310-2.14.0-rc3.jar:/Users/reza/.m2/repository/com/fasterxml/jackson/module/jackson-module-parameter-names/2.14.0-rc3/jackson-module-parameter-names-2.14.0-rc3.jar:/Users/reza/.m2/repository/org/springframework/boot/spring-boot-starter-tomcat/3.0.0-RC2/spring-boot-starter-tomcat-3.0.0-RC2.jar:/Users/reza/.m2/repository/org/apache/tomcat/embed/tomcat-embed-core/10.1.1/tomcat-embed-core-10.1.1.jar:/Users/reza/.m2/repository/org/apache/tomcat/embed/tomcat-embed-el/10.1.1/tomcat-embed-el-10.1.1.jar:/Users/reza/.m2/repository/org/apache/tomcat/embed/tomcat-embed-websocket/10.1.1/tomcat-embed-websocket-10.1.1.jar:/Users/reza/.m2/repository/org/springframework/spring-web/6.0.0-RC4/spring-web-6.0.0-RC4.jar:/Users/reza/.m2/repository/org/springframework/spring-beans/6.0.0-RC4/spring-beans-6.0.0-RC4.jar:/Users/reza/.m2/repository/io/micrometer/micrometer-observation/1.10.0/micrometer-observation-1.10.0.jar:/Users/reza/.m2/repository/io/micrometer/micrometer-commons/1.10.0/micrometer-commons-1.10.0.jar:/Users/reza/.m2/repository/org/springframework/spring-webmvc/6.0.0-RC4/spring-webmvc-6.0.0-RC4.jar:/Users/reza/.m2/repository/org/springframework/spring-aop/6.0.0-RC4/spring-aop-6.0.0-RC4.jar:/Users/reza/.m2/repository/org/springframework/spring-context/6.0.0-RC4/spring-context-6.0.0-RC4.jar:/Users/reza/.m2/repository/org/springframework/spring-expression/6.0.0-RC4/spring-expression-6.0.0-RC4.jar:/Users/reza/.m2/repository/org/springframework/boot/spring-boot-starter-test/3.0.0-RC2/spring-boot-starter-test-3.0.0-RC2.jar:/Users/reza/.m2/repository/org/springframework/boot/spring-boot-test/3.0.0-RC2/spring-boot-test-3.0.0-RC2.jar:/Users/reza/.m2/repository/org/springframework/boot/spring-boot-test-autoconfigure/3.0.0-RC2/spring-boot-test-autoconfigure-3.0.0-RC2.jar:/Users/reza/.m2/repository/com/jayway/jsonpath/json-path/2.7.0/json-path-2.7.0.jar:/Users/reza/.m2/repository/net/minidev/json-smart/2.4.8/json-smart-2.4.8.jar:/Users/reza/.m2/repository/net/minidev/accessors-smart/2.4.8/accessors-smart-2.4.8.jar:/Users/reza/.m2/repository/org/ow2/asm/asm/9.1/asm-9.1.jar:/Users/reza/.m2/repository/jakarta/xml/bind/jakarta.xml.bind-api/4.0.0/jakarta.xml.bind-api-4.0.0.jar:/Users/reza/.m2/repository/jakarta/activation/jakarta.activation-api/2.1.0/jakarta.activation-api-2.1.0.jar:/Users/reza/.m2/repository/org/assertj/assertj-core/3.23.1/assertj-core-3.23.1.jar:/Users/reza/.m2/repository/net/bytebuddy/byte-buddy/1.12.18/byte-buddy-1.12.18.jar:/Users/reza/.m2/repository/org/hamcrest/hamcrest/2.2/hamcrest-2.2.jar:/Users/reza/.m2/repository/org/junit/jupiter/junit-jupiter/5.9.1/junit-jupiter-5.9.1.jar:/Users/reza/.m2/repository/org/junit/jupiter/junit-jupiter-api/5.9.1/junit-jupiter-api-5.9.1.jar:/Users/reza/.m2/repository/org/opentest4j/opentest4j/1.2.0/opentest4j-1.2.0.jar:/Users/reza/.m2/repository/org/junit/platform/junit-platform-commons/1.9.1/junit-platform-commons-1.9.1.jar:/Users/reza/.m2/repository/org/apiguardian/apiguardian-api/1.1.2/apiguardian-api-1.1.2.jar:/Users/reza/.m2/repository/org/junit/jupiter/junit-jupiter-params/5.9.1/junit-jupiter-params-5.9.1.jar:/Users/reza/.m2/repository/org/junit/jupiter/junit-jupiter-engine/5.9.1/junit-jupiter-engine-5.9.1.jar:/Users/reza/.m2/repository/org/junit/platform/junit-platform-engine/1.9.1/junit-platform-engine-1.9.1.jar:/Users/reza/.m2/repository/org/mockito/mockito-core/4.8.1/mockito-core-4.8.1.jar:/Users/reza/.m2/repository/net/bytebuddy/byte-buddy-agent/1.12.18/byte-buddy-agent-1.12.18.jar:/Users/reza/.m2/repository/org/objenesis/objenesis/3.2/objenesis-3.2.jar:/Users/reza/.m2/repository/org/mockito/mockito-junit-jupiter/4.8.1/mockito-junit-jupiter-4.8.1.jar:/Users/reza/.m2/repository/org/skyscreamer/jsonassert/1.5.1/jsonassert-1.5.1.jar:/Users/reza/.m2/repository/com/vaadin/external/google/android-json/0.0.20131108.vaadin1/android-json-0.0.20131108.vaadin1.jar:/Users/reza/.m2/repository/org/springframework/spring-core/6.0.0-RC4/spring-core-6.0.0-RC4.jar:/Users/reza/.m2/repository/org/springframework/spring-jcl/6.0.0-RC4/spring-jcl-6.0.0-RC4.jar:/Users/reza/.m2/repository/org/springframework/spring-test/6.0.0-RC4/spring-test-6.0.0-RC4.jar:/Users/reza/.m2/repository/org/xmlunit/xmlunit-core/2.9.0/xmlunit-core-2.9.0.jar:/Users/reza/.m2/repository/commons-io/commons-io/2.11.0/commons-io-2.11.0.jar:/Users/reza/.m2/repository/org/springframework/boot/spring-boot-starter-websocket/3.0.0-RC2/spring-boot-starter-websocket-3.0.0-RC2.jar:/Users/reza/.m2/repository/org/springframework/spring-messaging/6.0.0-RC4/spring-messaging-6.0.0-RC4.jar:/Users/reza/.m2/repository/org/springframework/spring-websocket/6.0.0-RC4/spring-websocket-6.0.0-RC4.jar:/Users/reza/.m2/repository/org/webjars/webjars-locator-core/0.52/webjars-locator-core-0.52.jar:/Users/reza/.m2/repository/org/slf4j/slf4j-api/2.0.3/slf4j-api-2.0.3.jar:/Users/reza/.m2/repository/io/github/classgraph/classgraph/4.8.147/classgraph-4.8.147.jar:/Users/reza/.m2/repository/com/fasterxml/jackson/core/jackson-core/2.14.0-rc3/jackson-core-2.14.0-rc3.jar:/Users/reza/.m2/repository/org/webjars/sockjs-client/1.0.2/sockjs-client-1.0.2.jar:/Users/reza/.m2/repository/org/webjars/stomp-websocket/2.3.3/stomp-websocket-2.3.3.jar:/Users/reza/.m2/repository/org/webjars/bootstrap/5.2.2/bootstrap-5.2.2.jar:/Users/reza/.m2/repository/org/webjars/jquery/3.1.1-1/jquery-3.1.1-1.jar:"/>
    <property name="java.vm.vendor" value="Homebrew"/>
    <property name="sun.arch.data.model" value="64"/>
    <property name="java.vendor.url" value="https://github.com/Homebrew/homebrew-core/issues"/>
    <property name="os.name" value="Mac OS X"/>
    <property name="java.vm.specification.version" value="17"/>
    <property name="sun.java.launcher" value="SUN_STANDARD"/>
    <property name="user.country" value="IR"/>
    <property name="sun.boot.library.path" value="/opt/homebrew/Cellar/openjdk/17.0.2/libexec/openjdk.jdk/Contents/Home/lib"/>
    <property name="sun.java.command" value="/Users/reza/Desktop/core/mycbs/cbs/document/target/surefire/surefirebooter13873468286198379932.jar /Users/reza/Desktop/core/mycbs/cbs/document/target/surefire 2022-11-14T23-47-53_671-jvmRun1 surefire4732869248311554832tmp surefire_017042623404232126175tmp"/>
    <property name="jdk.debug" value="release"/>
    <property name="surefire.test.class.path" value="/Users/reza/Desktop/core/mycbs/cbs/document/target/test-classes:/Users/reza/Desktop/core/mycbs/cbs/document/target/classes:/Users/reza/.m2/repository/org/springframework/boot/spring-boot-starter-web/3.0.0-RC2/spring-boot-starter-web-3.0.0-RC2.jar:/Users/reza/.m2/repository/org/springframework/boot/spring-boot-starter/3.0.0-RC2/spring-boot-starter-3.0.0-RC2.jar:/Users/reza/.m2/repository/org/springframework/boot/spring-boot/3.0.0-RC2/spring-boot-3.0.0-RC2.jar:/Users/reza/.m2/repository/org/springframework/boot/spring-boot-autoconfigure/3.0.0-RC2/spring-boot-autoconfigure-3.0.0-RC2.jar:/Users/reza/.m2/repository/org/springframework/boot/spring-boot-starter-logging/3.0.0-RC2/spring-boot-starter-logging-3.0.0-RC2.jar:/Users/reza/.m2/repository/ch/qos/logback/logback-classic/1.4.4/logback-classic-1.4.4.jar:/Users/reza/.m2/repository/ch/qos/logback/logback-core/1.4.4/logback-core-1.4.4.jar:/Users/reza/.m2/repository/org/apache/logging/log4j/log4j-to-slf4j/2.19.0/log4j-to-slf4j-2.19.0.jar:/Users/reza/.m2/repository/org/apache/logging/log4j/log4j-api/2.19.0/log4j-api-2.19.0.jar:/Users/reza/.m2/repository/org/slf4j/jul-to-slf4j/2.0.3/jul-to-slf4j-2.0.3.jar:/Users/reza/.m2/repository/jakarta/annotation/jakarta.annotation-api/2.1.1/jakarta.annotation-api-2.1.1.jar:/Users/reza/.m2/repository/org/yaml/snakeyaml/1.33/snakeyaml-1.33.jar:/Users/reza/.m2/repository/org/springframework/boot/spring-boot-starter-json/3.0.0-RC2/spring-boot-starter-json-3.0.0-RC2.jar:/Users/reza/.m2/repository/com/fasterxml/jackson/core/jackson-databind/2.14.0-rc3/jackson-databind-2.14.0-rc3.jar:/Users/reza/.m2/repository/com/fasterxml/jackson/core/jackson-annotations/2.14.0-rc3/jackson-annotations-2.14.0-rc3.jar:/Users/reza/.m2/repository/com/fasterxml/jackson/datatype/jackson-datatype-jdk8/2.14.0-rc3/jackson-datatype-jdk8-2.14.0-rc3.jar:/Users/reza/.m2/repository/com/fasterxml/jackson/datatype/jackson-datatype-jsr310/2.14.0-rc3/jackson-datatype-jsr310-2.14.0-rc3.jar:/Users/reza/.m2/repository/com/fasterxml/jackson/module/jackson-module-parameter-names/2.14.0-rc3/jackson-module-parameter-names-2.14.0-rc3.jar:/Users/reza/.m2/repository/org/springframework/boot/spring-boot-starter-tomcat/3.0.0-RC2/spring-boot-starter-tomcat-3.0.0-RC2.jar:/Users/reza/.m2/repository/org/apache/tomcat/embed/tomcat-embed-core/10.1.1/tomcat-embed-core-10.1.1.jar:/Users/reza/.m2/repository/org/apache/tomcat/embed/tomcat-embed-el/10.1.1/tomcat-embed-el-10.1.1.jar:/Users/reza/.m2/repository/org/apache/tomcat/embed/tomcat-embed-websocket/10.1.1/tomcat-embed-websocket-10.1.1.jar:/Users/reza/.m2/repository/org/springframework/spring-web/6.0.0-RC4/spring-web-6.0.0-RC4.jar:/Users/reza/.m2/repository/org/springframework/spring-beans/6.0.0-RC4/spring-beans-6.0.0-RC4.jar:/Users/reza/.m2/repository/io/micrometer/micrometer-observation/1.10.0/micrometer-observation-1.10.0.jar:/Users/reza/.m2/repository/io/micrometer/micrometer-commons/1.10.0/micrometer-commons-1.10.0.jar:/Users/reza/.m2/repository/org/springframework/spring-webmvc/6.0.0-RC4/spring-webmvc-6.0.0-RC4.jar:/Users/reza/.m2/repository/org/springframework/spring-aop/6.0.0-RC4/spring-aop-6.0.0-RC4.jar:/Users/reza/.m2/repository/org/springframework/spring-context/6.0.0-RC4/spring-context-6.0.0-RC4.jar:/Users/reza/.m2/repository/org/springframework/spring-expression/6.0.0-RC4/spring-expression-6.0.0-RC4.jar:/Users/reza/.m2/repository/org/springframework/boot/spring-boot-starter-test/3.0.0-RC2/spring-boot-starter-test-3.0.0-RC2.jar:/Users/reza/.m2/repository/org/springframework/boot/spring-boot-test/3.0.0-RC2/spring-boot-test-3.0.0-RC2.jar:/Users/reza/.m2/repository/org/springframework/boot/spring-boot-test-autoconfigure/3.0.0-RC2/spring-boot-test-autoconfigure-3.0.0-RC2.jar:/Users/reza/.m2/repository/com/jayway/jsonpath/json-path/2.7.0/json-path-2.7.0.jar:/Users/reza/.m2/repository/net/minidev/json-smart/2.4.8/json-smart-2.4.8.jar:/Users/reza/.m2/repository/net/minidev/accessors-smart/2.4.8/accessors-smart-2.4.8.jar:/Users/reza/.m2/repository/org/ow2/asm/asm/9.1/asm-9.1.jar:/Users/reza/.m2/repository/jakarta/xml/bind/jakarta.xml.bind-api/4.0.0/jakarta.xml.bind-api-4.0.0.jar:/Users/reza/.m2/repository/jakarta/activation/jakarta.activation-api/2.1.0/jakarta.activation-api-2.1.0.jar:/Users/reza/.m2/repository/org/assertj/assertj-core/3.23.1/assertj-core-3.23.1.jar:/Users/reza/.m2/repository/net/bytebuddy/byte-buddy/1.12.18/byte-buddy-1.12.18.jar:/Users/reza/.m2/repository/org/hamcrest/hamcrest/2.2/hamcrest-2.2.jar:/Users/reza/.m2/repository/org/junit/jupiter/junit-jupiter/5.9.1/junit-jupiter-5.9.1.jar:/Users/reza/.m2/repository/org/junit/jupiter/junit-jupiter-api/5.9.1/junit-jupiter-api-5.9.1.jar:/Users/reza/.m2/repository/org/opentest4j/opentest4j/1.2.0/opentest4j-1.2.0.jar:/Users/reza/.m2/repository/org/junit/platform/junit-platform-commons/1.9.1/junit-platform-commons-1.9.1.jar:/Users/reza/.m2/repository/org/apiguardian/apiguardian-api/1.1.2/apiguardian-api-1.1.2.jar:/Users/reza/.m2/repository/org/junit/jupiter/junit-jupiter-params/5.9.1/junit-jupiter-params-5.9.1.jar:/Users/reza/.m2/repository/org/junit/jupiter/junit-jupiter-engine/5.9.1/junit-jupiter-engine-5.9.1.jar:/Users/reza/.m2/repository/org/junit/platform/junit-platform-engine/1.9.1/junit-platform-engine-1.9.1.jar:/Users/reza/.m2/repository/org/mockito/mockito-core/4.8.1/mockito-core-4.8.1.jar:/Users/reza/.m2/repository/net/bytebuddy/byte-buddy-agent/1.12.18/byte-buddy-agent-1.12.18.jar:/Users/reza/.m2/repository/org/objenesis/objenesis/3.2/objenesis-3.2.jar:/Users/reza/.m2/repository/org/mockito/mockito-junit-jupiter/4.8.1/mockito-junit-jupiter-4.8.1.jar:/Users/reza/.m2/repository/org/skyscreamer/jsonassert/1.5.1/jsonassert-1.5.1.jar:/Users/reza/.m2/repository/com/vaadin/external/google/android-json/0.0.20131108.vaadin1/android-json-0.0.20131108.vaadin1.jar:/Users/reza/.m2/repository/org/springframework/spring-core/6.0.0-RC4/spring-core-6.0.0-RC4.jar:/Users/reza/.m2/repository/org/springframework/spring-jcl/6.0.0-RC4/spring-jcl-6.0.0-RC4.jar:/Users/reza/.m2/repository/org/springframework/spring-test/6.0.0-RC4/spring-test-6.0.0-RC4.jar:/Users/reza/.m2/repository/org/xmlunit/xmlunit-core/2.9.0/xmlunit-core-2.9.0.jar:/Users/reza/.m2/repository/commons-io/commons-io/2.11.0/commons-io-2.11.0.jar:/Users/reza/.m2/repository/org/springframework/boot/spring-boot-starter-websocket/3.0.0-RC2/spring-boot-starter-websocket-3.0.0-RC2.jar:/Users/reza/.m2/repository/org/springframework/spring-messaging/6.0.0-RC4/spring-messaging-6.0.0-RC4.jar:/Users/reza/.m2/repository/org/springframework/spring-websocket/6.0.0-RC4/spring-websocket-6.0.0-RC4.jar:/Users/reza/.m2/repository/org/webjars/webjars-locator-core/0.52/webjars-locator-core-0.52.jar:/Users/reza/.m2/repository/org/slf4j/slf4j-api/2.0.3/slf4j-api-2.0.3.jar:/Users/reza/.m2/repository/io/github/classgraph/classgraph/4.8.147/classgraph-4.8.147.jar:/Users/reza/.m2/repository/com/fasterxml/jackson/core/jackson-core/2.14.0-rc3/jackson-core-2.14.0-rc3.jar:/Users/reza/.m2/repository/org/webjars/sockjs-client/1.0.2/sockjs-client-1.0.2.jar:/Users/reza/.m2/repository/org/webjars/stomp-websocket/2.3.3/stomp-websocket-2.3.3.jar:/Users/reza/.m2/repository/org/webjars/bootstrap/5.2.2/bootstrap-5.2.2.jar:/Users/reza/.m2/repository/org/webjars/jquery/3.1.1-1/jquery-3.1.1-1.jar:"/>
    <property name="sun.cpu.endian" value="little"/>
    <property name="user.home" value="/Users/reza"/>
    <property name="user.language" value="en"/>
    <property name="java.specification.vendor" value="Oracle Corporation"/>
    <property name="java.version.date" value="2022-01-18"/>
    <property name="java.home" value="/opt/homebrew/Cellar/openjdk/17.0.2/libexec/openjdk.jdk/Contents/Home"/>
    <property name="file.separator" value="/"/>
    <property name="basedir" value="/Users/reza/Desktop/core/mycbs/cbs/document"/>
    <property name="java.vm.compressedOopsMode" value="Zero based"/>
    <property name="line.separator" value="&#10;"/>
    <property name="java.vm.specification.vendor" value="Oracle Corporation"/>
    <property name="java.specification.name" value="Java Platform API Specification"/>
    <property name="surefire.real.class.path" value="/Users/reza/Desktop/core/mycbs/cbs/document/target/surefire/surefirebooter13873468286198379932.jar"/>
    <property name="sun.management.compiler" value="HotSpot 64-Bit Tiered Compilers"/>
    <property name="java.runtime.version" value="17.0.2+0"/>
    <property name="user.name" value="reza"/>
    <property name="path.separator" value=":"/>
    <property name="os.version" value="12.4"/>
    <property name="java.runtime.name" value="OpenJDK Runtime Environment"/>
    <property name="file.encoding" value="UTF-8"/>
    <property name="java.vm.name" value="OpenJDK 64-Bit Server VM"/>
    <property name="java.vendor.version" value="Homebrew"/>
    <property name="localRepository" value="/Users/reza/.m2/repository"/>
    <property name="java.vendor.url.bug" value="https://github.com/Homebrew/homebrew-core/issues"/>
    <property name="java.io.tmpdir" value="/var/folders/4d/xjsmcn9x72bbh46fsm81qcg00000gn/T/"/>
    <property name="java.version" value="17.0.2"/>
    <property name="user.dir" value="/Users/reza/Desktop/core/mycbs/cbs/document"/>
    <property name="os.arch" value="aarch64"/>
    <property name="java.vm.specification.name" value="Java Virtual Machine Specification"/>
    <property name="native.encoding" value="UTF-8"/>
    <property name="java.library.path" value="/Users/reza/Library/Java/Extensions:/Library/Java/Extensions:/Network/Library/Java/Extensions:/System/Library/Java/Extensions:/usr/lib/java:."/>
    <property name="java.vm.info" value="mixed mode, sharing"/>
    <property name="java.vendor" value="Homebrew"/>
    <property name="java.vm.version" value="17.0.2+0"/>
    <property name="sun.io.unicode.encoding" value="UnicodeBig"/>
    <property name="java.class.version" value="61.0"/>
  </properties>
  <testcase name="contextLoads" classname="com.sina.cbs.document.DocumentApplicationTests" time="0.149"/>
</testsuite>